[2025-03-21 21:43:49] development.ERROR: Command "updater" is not defined.

Did you mean this?
    app:updater-command {"exception":"[object] (Symfony\\Component\\Console\\Exception\\CommandNotFoundException(code: 0): Command \"updater\" is not defined.

Did you mean this?
    app:updater-command at D:\\Projet\\synchro_mod\\vendor\\symfony\\console\\Application.php:726)
[stacktrace]
#0 D:\\Projet\\synchro_mod\\vendor\\illuminate\\console\\Command.php(247): Symfony\\Component\\Console\\Application->find()
#1 D:\\Projet\\synchro_mod\\vendor\\illuminate\\console\\Concerns\\CallsCommands.php(68): Illuminate\\Console\\Command->resolveCommand()
#2 D:\\Projet\\synchro_mod\\vendor\\illuminate\\console\\Concerns\\CallsCommands.php(29): Illuminate\\Console\\Command->runCommand()
#3 D:\\Projet\\synchro_mod\\vendor\\laravel-zero\\framework\\src\\Commands\\Command.php(80): Illuminate\\Console\\Command->call()
#4 D:\\Projet\\synchro_mod\\app\\Commands\\StartCommand.php(32): LaravelZero\\Framework\\Commands\\Command->call()
#5 D:\\Projet\\synchro_mod\\vendor\\illuminate\\container\\BoundMethod.php(36): App\\Commands\\StartCommand->handle()
#6 D:\\Projet\\synchro_mod\\vendor\\illuminate\\container\\Util.php(43): Illuminate\\Container\\BoundMethod::Illuminate\\Container\\{closure}()
#7 D:\\Projet\\synchro_mod\\vendor\\illuminate\\container\\BoundMethod.php(95): Illuminate\\Container\\Util::unwrapIfClosure()
#8 D:\\Projet\\synchro_mod\\vendor\\illuminate\\container\\BoundMethod.php(35): Illuminate\\Container\\BoundMethod::callBoundMethod()
#9 D:\\Projet\\synchro_mod\\vendor\\illuminate\\container\\Container.php(696): Illuminate\\Container\\BoundMethod::call()
#10 D:\\Projet\\synchro_mod\\vendor\\illuminate\\console\\Command.php(213): Illuminate\\Container\\Container->call()
#11 D:\\Projet\\synchro_mod\\vendor\\symfony\\console\\Command\\Command.php(279): Illuminate\\Console\\Command->execute()
#12 D:\\Projet\\synchro_mod\\vendor\\illuminate\\console\\Command.php(182): Symfony\\Component\\Console\\Command\\Command->run()
#13 D:\\Projet\\synchro_mod\\vendor\\symfony\\console\\Application.php(1094): Illuminate\\Console\\Command->run()
#14 D:\\Projet\\synchro_mod\\vendor\\symfony\\console\\Application.php(342): Symfony\\Component\\Console\\Application->doRunCommand()
#15 D:\\Projet\\synchro_mod\\vendor\\symfony\\console\\Application.php(193): Symfony\\Component\\Console\\Application->doRun()
#16 D:\\Projet\\synchro_mod\\vendor\\laravel-zero\\foundation\\src\\Illuminate\\Foundation\\Console\\Kernel.php(196): Symfony\\Component\\Console\\Application->run()
#17 D:\\Projet\\synchro_mod\\vendor\\laravel-zero\\framework\\src\\Kernel.php(111): Illuminate\\Foundation\\Console\\Kernel->handle()
#18 D:\\Projet\\synchro_mod\\synchromod(35): LaravelZero\\Framework\\Kernel->handle()
#19 {main}
"} 
[2025-03-21 21:44:05] development.ERROR: Undefined array key "github_owner" {"exception":"[object] (ErrorException(code: 0): Undefined array key \"github_owner\" at D:\\Projet\\synchro_mod\\app\\Commands\\Config\\UpdaterCommand.php:32)
[stacktrace]
#0 D:\\Projet\\synchro_mod\\vendor\\laravel-zero\\foundation\\src\\Illuminate\\Foundation\\Bootstrap\\HandleExceptions.php(256): Illuminate\\Foundation\\Bootstrap\\HandleExceptions->handleError()
#1 D:\\Projet\\synchro_mod\\app\\Commands\\Config\\UpdaterCommand.php(32): Illuminate\\Foundation\\Bootstrap\\HandleExceptions->Illuminate\\Foundation\\Bootstrap\\{closure}()
#2 D:\\Projet\\synchro_mod\\vendor\\illuminate\\container\\BoundMethod.php(36): App\\Commands\\Config\\UpdaterCommand->handle()
#3 D:\\Projet\\synchro_mod\\vendor\\illuminate\\container\\Util.php(43): Illuminate\\Container\\BoundMethod::Illuminate\\Container\\{closure}()
#4 D:\\Projet\\synchro_mod\\vendor\\illuminate\\container\\BoundMethod.php(95): Illuminate\\Container\\Util::unwrapIfClosure()
#5 D:\\Projet\\synchro_mod\\vendor\\illuminate\\container\\BoundMethod.php(35): Illuminate\\Container\\BoundMethod::callBoundMethod()
#6 D:\\Projet\\synchro_mod\\vendor\\illuminate\\container\\Container.php(696): Illuminate\\Container\\BoundMethod::call()
#7 D:\\Projet\\synchro_mod\\vendor\\illuminate\\console\\Command.php(213): Illuminate\\Container\\Container->call()
#8 D:\\Projet\\synchro_mod\\vendor\\symfony\\console\\Command\\Command.php(279): Illuminate\\Console\\Command->execute()
#9 D:\\Projet\\synchro_mod\\vendor\\illuminate\\console\\Command.php(182): Symfony\\Component\\Console\\Command\\Command->run()
#10 D:\\Projet\\synchro_mod\\vendor\\illuminate\\console\\Concerns\\CallsCommands.php(68): Illuminate\\Console\\Command->run()
#11 D:\\Projet\\synchro_mod\\vendor\\illuminate\\console\\Concerns\\CallsCommands.php(29): Illuminate\\Console\\Command->runCommand()
#12 D:\\Projet\\synchro_mod\\vendor\\laravel-zero\\framework\\src\\Commands\\Command.php(80): Illuminate\\Console\\Command->call()
#13 D:\\Projet\\synchro_mod\\app\\Commands\\StartCommand.php(32): LaravelZero\\Framework\\Commands\\Command->call()
#14 D:\\Projet\\synchro_mod\\vendor\\illuminate\\container\\BoundMethod.php(36): App\\Commands\\StartCommand->handle()
#15 D:\\Projet\\synchro_mod\\vendor\\illuminate\\container\\Util.php(43): Illuminate\\Container\\BoundMethod::Illuminate\\Container\\{closure}()
#16 D:\\Projet\\synchro_mod\\vendor\\illuminate\\container\\BoundMethod.php(95): Illuminate\\Container\\Util::unwrapIfClosure()
#17 D:\\Projet\\synchro_mod\\vendor\\illuminate\\container\\BoundMethod.php(35): Illuminate\\Container\\BoundMethod::callBoundMethod()
#18 D:\\Projet\\synchro_mod\\vendor\\illuminate\\container\\Container.php(696): Illuminate\\Container\\BoundMethod::call()
#19 D:\\Projet\\synchro_mod\\vendor\\illuminate\\console\\Command.php(213): Illuminate\\Container\\Container->call()
#20 D:\\Projet\\synchro_mod\\vendor\\symfony\\console\\Command\\Command.php(279): Illuminate\\Console\\Command->execute()
#21 D:\\Projet\\synchro_mod\\vendor\\illuminate\\console\\Command.php(182): Symfony\\Component\\Console\\Command\\Command->run()
#22 D:\\Projet\\synchro_mod\\vendor\\symfony\\console\\Application.php(1094): Illuminate\\Console\\Command->run()
#23 D:\\Projet\\synchro_mod\\vendor\\symfony\\console\\Application.php(342): Symfony\\Component\\Console\\Application->doRunCommand()
#24 D:\\Projet\\synchro_mod\\vendor\\symfony\\console\\Application.php(193): Symfony\\Component\\Console\\Application->doRun()
#25 D:\\Projet\\synchro_mod\\vendor\\laravel-zero\\foundation\\src\\Illuminate\\Foundation\\Console\\Kernel.php(196): Symfony\\Component\\Console\\Application->run()
#26 D:\\Projet\\synchro_mod\\vendor\\laravel-zero\\framework\\src\\Kernel.php(111): Illuminate\\Foundation\\Console\\Kernel->handle()
#27 D:\\Projet\\synchro_mod\\synchromod(35): LaravelZero\\Framework\\Kernel->handle()
#28 {main}
"} 
[2025-03-21 21:45:09] development.ERROR: file_get_contents(https://api.github.com/repos/vortechstudio/Mod-Synchronizer/releases/latest): Failed to open stream: HTTP request failed! HTTP/1.1 404 Not Found
 {"exception":"[object] (ErrorException(code: 0): file_get_contents(https://api.github.com/repos/vortechstudio/Mod-Synchronizer/releases/latest): Failed to open stream: HTTP request failed! HTTP/1.1 404 Not Found

 at D:\\Projet\\synchro_mod\\app\\Services\\Updater.php:30)
[stacktrace]
#0 D:\\Projet\\synchro_mod\\vendor\\laravel-zero\\foundation\\src\\Illuminate\\Foundation\\Bootstrap\\HandleExceptions.php(256): Illuminate\\Foundation\\Bootstrap\\HandleExceptions->handleError()
#1 [internal function]: Illuminate\\Foundation\\Bootstrap\\HandleExceptions->Illuminate\\Foundation\\Bootstrap\\{closure}()
#2 D:\\Projet\\synchro_mod\\app\\Services\\Updater.php(30): file_get_contents()
#3 D:\\Projet\\synchro_mod\\app\\Commands\\Config\\UpdaterCommand.php(37): App\\Services\\Updater->checkForUpdate()
#4 D:\\Projet\\synchro_mod\\vendor\\illuminate\\container\\BoundMethod.php(36): App\\Commands\\Config\\UpdaterCommand->handle()
#5 D:\\Projet\\synchro_mod\\vendor\\illuminate\\container\\Util.php(43): Illuminate\\Container\\BoundMethod::Illuminate\\Container\\{closure}()
#6 D:\\Projet\\synchro_mod\\vendor\\illuminate\\container\\BoundMethod.php(95): Illuminate\\Container\\Util::unwrapIfClosure()
#7 D:\\Projet\\synchro_mod\\vendor\\illuminate\\container\\BoundMethod.php(35): Illuminate\\Container\\BoundMethod::callBoundMethod()
#8 D:\\Projet\\synchro_mod\\vendor\\illuminate\\container\\Container.php(696): Illuminate\\Container\\BoundMethod::call()
#9 D:\\Projet\\synchro_mod\\vendor\\illuminate\\console\\Command.php(213): Illuminate\\Container\\Container->call()
#10 D:\\Projet\\synchro_mod\\vendor\\symfony\\console\\Command\\Command.php(279): Illuminate\\Console\\Command->execute()
#11 D:\\Projet\\synchro_mod\\vendor\\illuminate\\console\\Command.php(182): Symfony\\Component\\Console\\Command\\Command->run()
#12 D:\\Projet\\synchro_mod\\vendor\\illuminate\\console\\Concerns\\CallsCommands.php(68): Illuminate\\Console\\Command->run()
#13 D:\\Projet\\synchro_mod\\vendor\\illuminate\\console\\Concerns\\CallsCommands.php(29): Illuminate\\Console\\Command->runCommand()
#14 D:\\Projet\\synchro_mod\\vendor\\laravel-zero\\framework\\src\\Commands\\Command.php(80): Illuminate\\Console\\Command->call()
#15 D:\\Projet\\synchro_mod\\app\\Commands\\StartCommand.php(32): LaravelZero\\Framework\\Commands\\Command->call()
#16 D:\\Projet\\synchro_mod\\vendor\\illuminate\\container\\BoundMethod.php(36): App\\Commands\\StartCommand->handle()
#17 D:\\Projet\\synchro_mod\\vendor\\illuminate\\container\\Util.php(43): Illuminate\\Container\\BoundMethod::Illuminate\\Container\\{closure}()
#18 D:\\Projet\\synchro_mod\\vendor\\illuminate\\container\\BoundMethod.php(95): Illuminate\\Container\\Util::unwrapIfClosure()
#19 D:\\Projet\\synchro_mod\\vendor\\illuminate\\container\\BoundMethod.php(35): Illuminate\\Container\\BoundMethod::callBoundMethod()
#20 D:\\Projet\\synchro_mod\\vendor\\illuminate\\container\\Container.php(696): Illuminate\\Container\\BoundMethod::call()
#21 D:\\Projet\\synchro_mod\\vendor\\illuminate\\console\\Command.php(213): Illuminate\\Container\\Container->call()
#22 D:\\Projet\\synchro_mod\\vendor\\symfony\\console\\Command\\Command.php(279): Illuminate\\Console\\Command->execute()
#23 D:\\Projet\\synchro_mod\\vendor\\illuminate\\console\\Command.php(182): Symfony\\Component\\Console\\Command\\Command->run()
#24 D:\\Projet\\synchro_mod\\vendor\\symfony\\console\\Application.php(1094): Illuminate\\Console\\Command->run()
#25 D:\\Projet\\synchro_mod\\vendor\\symfony\\console\\Application.php(342): Symfony\\Component\\Console\\Application->doRunCommand()
#26 D:\\Projet\\synchro_mod\\vendor\\symfony\\console\\Application.php(193): Symfony\\Component\\Console\\Application->doRun()
#27 D:\\Projet\\synchro_mod\\vendor\\laravel-zero\\foundation\\src\\Illuminate\\Foundation\\Console\\Kernel.php(196): Symfony\\Component\\Console\\Application->run()
#28 D:\\Projet\\synchro_mod\\vendor\\laravel-zero\\framework\\src\\Kernel.php(111): Illuminate\\Foundation\\Console\\Kernel->handle()
#29 D:\\Projet\\synchro_mod\\synchromod(35): LaravelZero\\Framework\\Kernel->handle()
#30 {main}
"} 
[2025-03-21 21:45:50] development.ERROR: file_get_contents(https://api.github.com/repos/vortechstudio/Mod-Synchronizer/releases/latest): Failed to open stream: HTTP request failed! HTTP/1.1 404 Not Found
 {"exception":"[object] (ErrorException(code: 0): file_get_contents(https://api.github.com/repos/vortechstudio/Mod-Synchronizer/releases/latest): Failed to open stream: HTTP request failed! HTTP/1.1 404 Not Found

 at D:\\Projet\\synchro_mod\\app\\Services\\Updater.php:30)
[stacktrace]
#0 D:\\Projet\\synchro_mod\\vendor\\laravel-zero\\foundation\\src\\Illuminate\\Foundation\\Bootstrap\\HandleExceptions.php(256): Illuminate\\Foundation\\Bootstrap\\HandleExceptions->handleError()
#1 [internal function]: Illuminate\\Foundation\\Bootstrap\\HandleExceptions->Illuminate\\Foundation\\Bootstrap\\{closure}()
#2 D:\\Projet\\synchro_mod\\app\\Services\\Updater.php(30): file_get_contents()
#3 D:\\Projet\\synchro_mod\\app\\Commands\\Config\\UpdaterCommand.php(37): App\\Services\\Updater->checkForUpdate()
#4 D:\\Projet\\synchro_mod\\vendor\\illuminate\\container\\BoundMethod.php(36): App\\Commands\\Config\\UpdaterCommand->handle()
#5 D:\\Projet\\synchro_mod\\vendor\\illuminate\\container\\Util.php(43): Illuminate\\Container\\BoundMethod::Illuminate\\Container\\{closure}()
#6 D:\\Projet\\synchro_mod\\vendor\\illuminate\\container\\BoundMethod.php(95): Illuminate\\Container\\Util::unwrapIfClosure()
#7 D:\\Projet\\synchro_mod\\vendor\\illuminate\\container\\BoundMethod.php(35): Illuminate\\Container\\BoundMethod::callBoundMethod()
#8 D:\\Projet\\synchro_mod\\vendor\\illuminate\\container\\Container.php(696): Illuminate\\Container\\BoundMethod::call()
#9 D:\\Projet\\synchro_mod\\vendor\\illuminate\\console\\Command.php(213): Illuminate\\Container\\Container->call()
#10 D:\\Projet\\synchro_mod\\vendor\\symfony\\console\\Command\\Command.php(279): Illuminate\\Console\\Command->execute()
#11 D:\\Projet\\synchro_mod\\vendor\\illuminate\\console\\Command.php(182): Symfony\\Component\\Console\\Command\\Command->run()
#12 D:\\Projet\\synchro_mod\\vendor\\illuminate\\console\\Concerns\\CallsCommands.php(68): Illuminate\\Console\\Command->run()
#13 D:\\Projet\\synchro_mod\\vendor\\illuminate\\console\\Concerns\\CallsCommands.php(29): Illuminate\\Console\\Command->runCommand()
#14 D:\\Projet\\synchro_mod\\vendor\\laravel-zero\\framework\\src\\Commands\\Command.php(80): Illuminate\\Console\\Command->call()
#15 D:\\Projet\\synchro_mod\\app\\Commands\\StartCommand.php(32): LaravelZero\\Framework\\Commands\\Command->call()
#16 D:\\Projet\\synchro_mod\\vendor\\illuminate\\container\\BoundMethod.php(36): App\\Commands\\StartCommand->handle()
#17 D:\\Projet\\synchro_mod\\vendor\\illuminate\\container\\Util.php(43): Illuminate\\Container\\BoundMethod::Illuminate\\Container\\{closure}()
#18 D:\\Projet\\synchro_mod\\vendor\\illuminate\\container\\BoundMethod.php(95): Illuminate\\Container\\Util::unwrapIfClosure()
#19 D:\\Projet\\synchro_mod\\vendor\\illuminate\\container\\BoundMethod.php(35): Illuminate\\Container\\BoundMethod::callBoundMethod()
#20 D:\\Projet\\synchro_mod\\vendor\\illuminate\\container\\Container.php(696): Illuminate\\Container\\BoundMethod::call()
#21 D:\\Projet\\synchro_mod\\vendor\\illuminate\\console\\Command.php(213): Illuminate\\Container\\Container->call()
#22 D:\\Projet\\synchro_mod\\vendor\\symfony\\console\\Command\\Command.php(279): Illuminate\\Console\\Command->execute()
#23 D:\\Projet\\synchro_mod\\vendor\\illuminate\\console\\Command.php(182): Symfony\\Component\\Console\\Command\\Command->run()
#24 D:\\Projet\\synchro_mod\\vendor\\symfony\\console\\Application.php(1094): Illuminate\\Console\\Command->run()
#25 D:\\Projet\\synchro_mod\\vendor\\symfony\\console\\Application.php(342): Symfony\\Component\\Console\\Application->doRunCommand()
#26 D:\\Projet\\synchro_mod\\vendor\\symfony\\console\\Application.php(193): Symfony\\Component\\Console\\Application->doRun()
#27 D:\\Projet\\synchro_mod\\vendor\\laravel-zero\\foundation\\src\\Illuminate\\Foundation\\Console\\Kernel.php(196): Symfony\\Component\\Console\\Application->run()
#28 D:\\Projet\\synchro_mod\\vendor\\laravel-zero\\framework\\src\\Kernel.php(111): Illuminate\\Foundation\\Console\\Kernel->handle()
#29 D:\\Projet\\synchro_mod\\synchromod(35): LaravelZero\\Framework\\Kernel->handle()
#30 {main}
"} 
